f:\programas\repositórios\universe2d\universe2d\debug\vc142.pdb
f:\programas\repositórios\universe2d\universe2d\debug\vc142.idb
f:\programas\repositórios\universe2d\universe2d\debug\app.obj
f:\programas\repositórios\universe2d\universe2d\debug\universe2d.pdb
f:\programas\repositórios\universe2d\universe2d\debug\universe2d.tlog\cl.command.1.tlog
f:\programas\repositórios\universe2d\universe2d\debug\universe2d.tlog\cl.read.1.tlog
f:\programas\repositórios\universe2d\universe2d\debug\universe2d.tlog\cl.write.1.tlog
f:\programas\repositórios\universe2d\universe2d\debug\universe2d.tlog\link-cvtres.read.1.tlog
f:\programas\repositórios\universe2d\universe2d\debug\universe2d.tlog\link-cvtres.write.1.tlog
f:\programas\repositórios\universe2d\universe2d\debug\universe2d.tlog\link-rc.read.1.tlog
f:\programas\repositórios\universe2d\universe2d\debug\universe2d.tlog\link-rc.write.1.tlog
f:\programas\repositórios\universe2d\universe2d\debug\universe2d.tlog\link.16928-cvtres.read.1.tlog
f:\programas\repositórios\universe2d\universe2d\debug\universe2d.tlog\link.16928-cvtres.write.1.tlog
f:\programas\repositórios\universe2d\universe2d\debug\universe2d.tlog\link.16928-rc.read.1.tlog
f:\programas\repositórios\universe2d\universe2d\debug\universe2d.tlog\link.16928-rc.write.1.tlog
f:\programas\repositórios\universe2d\universe2d\debug\universe2d.tlog\link.16928.read.1.tlog
f:\programas\repositórios\universe2d\universe2d\debug\universe2d.tlog\link.16928.write.1.tlog
f:\programas\repositórios\universe2d\universe2d\debug\universe2d.tlog\link.command.1.tlog
f:\programas\repositórios\universe2d\universe2d\debug\universe2d.tlog\link.read.1.tlog
f:\programas\repositórios\universe2d\universe2d\debug\universe2d.tlog\link.write.1.tlog
